{"C:\\Users\\pribe\\Desktop\\TDD\\src\\can-reconfigure.js": {"path":"C:\\Users\\pribe\\Desktop\\TDD\\src\\can-reconfigure.js","all":false,"statementMap":{"0":{"start":{"line":1,"column":0},"end":{"line":1,"column":3}},"1":{"start":{"line":2,"column":0},"end":{"line":2,"column":88}},"2":{"start":{"line":3,"column":0},"end":{"line":3,"column":95}},"3":{"start":{"line":4,"column":0},"end":{"line":4,"column":64}},"4":{"start":{"line":5,"column":0},"end":{"line":5,"column":99}},"5":{"start":{"line":6,"column":0},"end":{"line":6,"column":56}},"6":{"start":{"line":7,"column":0},"end":{"line":7,"column":104}},"7":{"start":{"line":8,"column":0},"end":{"line":8,"column":116}},"8":{"start":{"line":9,"column":0},"end":{"line":9,"column":109}},"9":{"start":{"line":10,"column":0},"end":{"line":10,"column":49}},"10":{"start":{"line":11,"column":0},"end":{"line":11,"column":3}},"11":{"start":{"line":12,"column":0},"end":{"line":12,"column":37}},"12":{"start":{"line":13,"column":0},"end":{"line":13,"column":72}},"13":{"start":{"line":14,"column":0},"end":{"line":14,"column":70}},"14":{"start":{"line":15,"column":0},"end":{"line":15,"column":0}},"15":{"start":{"line":16,"column":0},"end":{"line":16,"column":49}},"16":{"start":{"line":17,"column":0},"end":{"line":17,"column":34}},"17":{"start":{"line":18,"column":0},"end":{"line":18,"column":0}},"18":{"start":{"line":19,"column":0},"end":{"line":19,"column":74}},"19":{"start":{"line":20,"column":0},"end":{"line":20,"column":44}},"20":{"start":{"line":21,"column":0},"end":{"line":21,"column":0}},"21":{"start":{"line":22,"column":0},"end":{"line":22,"column":29}},"22":{"start":{"line":23,"column":0},"end":{"line":23,"column":55}},"23":{"start":{"line":24,"column":0},"end":{"line":24,"column":39}},"24":{"start":{"line":25,"column":0},"end":{"line":25,"column":36}},"25":{"start":{"line":26,"column":0},"end":{"line":26,"column":0}},"26":{"start":{"line":27,"column":0},"end":{"line":27,"column":58}},"27":{"start":{"line":28,"column":0},"end":{"line":28,"column":67}},"28":{"start":{"line":29,"column":0},"end":{"line":29,"column":48}},"29":{"start":{"line":30,"column":0},"end":{"line":30,"column":5}},"30":{"start":{"line":31,"column":0},"end":{"line":31,"column":17}},"31":{"start":{"line":32,"column":0},"end":{"line":32,"column":1}},"32":{"start":{"line":33,"column":0},"end":{"line":33,"column":0}},"33":{"start":{"line":34,"column":0},"end":{"line":34,"column":30}}},"s":{"0":1,"1":1,"2":1,"3":1,"4":1,"5":1,"6":1,"7":1,"8":1,"9":1,"10":1,"11":1,"12":8,"13":8,"14":5,"15":5,"16":8,"17":3,"18":3,"19":8,"20":2,"21":2,"22":8,"23":5,"24":5,"25":5,"26":5,"27":5,"28":4,"29":4,"30":1,"31":1,"32":1,"33":1},"branchMap":{"0":{"type":"branch","line":12,"loc":{"start":{"line":12,"column":23},"end":{"line":32,"column":1}},"locations":[{"start":{"line":12,"column":23},"end":{"line":32,"column":1}}]},"1":{"type":"branch","line":13,"loc":{"start":{"line":13,"column":34},"end":{"line":13,"column":72}},"locations":[{"start":{"line":13,"column":34},"end":{"line":13,"column":72}}]},"2":{"type":"branch","line":14,"loc":{"start":{"line":14,"column":-2},"end":{"line":14,"column":32}},"locations":[{"start":{"line":14,"column":-2},"end":{"line":14,"column":32}}]},"3":{"type":"branch","line":14,"loc":{"start":{"line":14,"column":32},"end":{"line":14,"column":69}},"locations":[{"start":{"line":14,"column":32},"end":{"line":14,"column":69}}]},"4":{"type":"branch","line":14,"loc":{"start":{"line":14,"column":69},"end":{"line":17,"column":20}},"locations":[{"start":{"line":14,"column":69},"end":{"line":17,"column":20}}]},"5":{"type":"branch","line":17,"loc":{"start":{"line":17,"column":20},"end":{"line":17,"column":33}},"locations":[{"start":{"line":17,"column":20},"end":{"line":17,"column":33}}]},"6":{"type":"branch","line":17,"loc":{"start":{"line":17,"column":33},"end":{"line":20,"column":30}},"locations":[{"start":{"line":17,"column":33},"end":{"line":20,"column":30}}]},"7":{"type":"branch","line":20,"loc":{"start":{"line":20,"column":30},"end":{"line":20,"column":43}},"locations":[{"start":{"line":20,"column":30},"end":{"line":20,"column":43}}]},"8":{"type":"branch","line":20,"loc":{"start":{"line":20,"column":43},"end":{"line":23,"column":54}},"locations":[{"start":{"line":20,"column":43},"end":{"line":23,"column":54}}]},"9":{"type":"branch","line":23,"loc":{"start":{"line":23,"column":54},"end":{"line":30,"column":5}},"locations":[{"start":{"line":23,"column":54},"end":{"line":30,"column":5}}]},"10":{"type":"branch","line":28,"loc":{"start":{"line":28,"column":24},"end":{"line":28,"column":52}},"locations":[{"start":{"line":28,"column":24},"end":{"line":28,"column":52}}]},"11":{"type":"branch","line":28,"loc":{"start":{"line":28,"column":54},"end":{"line":28,"column":67}},"locations":[{"start":{"line":28,"column":54},"end":{"line":28,"column":67}}]},"12":{"type":"branch","line":29,"loc":{"start":{"line":29,"column":-2},"end":{"line":30,"column":5}},"locations":[{"start":{"line":29,"column":-2},"end":{"line":30,"column":5}}]},"13":{"type":"branch","line":31,"loc":{"start":{"line":31,"column":-2},"end":{"line":32,"column":1}},"locations":[{"start":{"line":31,"column":-2},"end":{"line":32,"column":1}}]}},"b":{"0":[8],"1":[2],"2":[6],"3":[1],"4":[5],"5":[2],"6":[3],"7":[1],"8":[2],"9":[5],"10":[1],"11":[1],"12":[4],"13":[1]},"fnMap":{"0":{"name":"canReconfigure","decl":{"start":{"line":12,"column":23},"end":{"line":32,"column":1}},"loc":{"start":{"line":12,"column":23},"end":{"line":32,"column":1}},"line":12}},"f":{"0":8}}
,"C:\\Users\\pribe\\Desktop\\TDD\\src\\fizzBuzz.js": {"path":"C:\\Users\\pribe\\Desktop\\TDD\\src\\fizzBuzz.js","all":false,"statementMap":{"0":{"start":{"line":1,"column":0},"end":{"line":1,"column":3}},"1":{"start":{"line":2,"column":0},"end":{"line":2,"column":49}},"2":{"start":{"line":3,"column":0},"end":{"line":3,"column":43}},"3":{"start":{"line":4,"column":0},"end":{"line":4,"column":42}},"4":{"start":{"line":5,"column":0},"end":{"line":5,"column":55}},"5":{"start":{"line":6,"column":0},"end":{"line":6,"column":52}},"6":{"start":{"line":7,"column":0},"end":{"line":7,"column":3}},"7":{"start":{"line":8,"column":0},"end":{"line":8,"column":30}},"8":{"start":{"line":9,"column":0},"end":{"line":9,"column":73}},"9":{"start":{"line":10,"column":0},"end":{"line":10,"column":75}},"10":{"start":{"line":11,"column":0},"end":{"line":11,"column":58}},"11":{"start":{"line":12,"column":0},"end":{"line":12,"column":20}},"12":{"start":{"line":13,"column":0},"end":{"line":13,"column":64}},"13":{"start":{"line":14,"column":0},"end":{"line":14,"column":61}},"14":{"start":{"line":15,"column":0},"end":{"line":15,"column":6}},"15":{"start":{"line":16,"column":0},"end":{"line":16,"column":43}},"16":{"start":{"line":17,"column":0},"end":{"line":17,"column":1}},"17":{"start":{"line":18,"column":0},"end":{"line":18,"column":0}},"18":{"start":{"line":19,"column":0},"end":{"line":19,"column":24}}},"s":{"0":1,"1":1,"2":1,"3":1,"4":1,"5":1,"6":1,"7":1,"8":16,"9":16,"10":13,"11":13,"12":13,"13":39,"14":13,"15":16,"16":16,"17":1,"18":1},"branchMap":{"0":{"type":"branch","line":8,"loc":{"start":{"line":8,"column":17},"end":{"line":17,"column":1}},"locations":[{"start":{"line":8,"column":17},"end":{"line":17,"column":1}}]},"1":{"type":"branch","line":9,"loc":{"start":{"line":9,"column":36},"end":{"line":9,"column":73}},"locations":[{"start":{"line":9,"column":36},"end":{"line":9,"column":73}}]},"2":{"type":"branch","line":10,"loc":{"start":{"line":10,"column":-2},"end":{"line":10,"column":30}},"locations":[{"start":{"line":10,"column":-2},"end":{"line":10,"column":30}}]},"3":{"type":"branch","line":10,"loc":{"start":{"line":10,"column":30},"end":{"line":10,"column":75}},"locations":[{"start":{"line":10,"column":30},"end":{"line":10,"column":75}}]},"4":{"type":"branch","line":11,"loc":{"start":{"line":11,"column":-2},"end":{"line":16,"column":25}},"locations":[{"start":{"line":11,"column":-2},"end":{"line":16,"column":25}}]},"5":{"type":"branch","line":16,"loc":{"start":{"line":16,"column":25},"end":{"line":16,"column":33}},"locations":[{"start":{"line":16,"column":25},"end":{"line":16,"column":33}}]},"6":{"type":"branch","line":16,"loc":{"start":{"line":16,"column":34},"end":{"line":16,"column":42}},"locations":[{"start":{"line":16,"column":34},"end":{"line":16,"column":42}}]},"7":{"type":"branch","line":13,"loc":{"start":{"line":13,"column":39},"end":{"line":15,"column":5}},"locations":[{"start":{"line":13,"column":39},"end":{"line":15,"column":5}}]},"8":{"type":"branch","line":14,"loc":{"start":{"line":14,"column":39},"end":{"line":14,"column":61}},"locations":[{"start":{"line":14,"column":39},"end":{"line":14,"column":61}}]}},"b":{"0":[16],"1":[2],"2":[14],"3":[1],"4":[13],"5":[2],"6":[11],"7":[39],"8":[13]},"fnMap":{"0":{"name":"FizzBuzz","decl":{"start":{"line":8,"column":17},"end":{"line":17,"column":1}},"loc":{"start":{"line":8,"column":17},"end":{"line":17,"column":1}},"line":8}},"f":{"0":16}}
,"C:\\Users\\pribe\\Desktop\\TDD\\src\\main.jsx": {"path":"C:\\Users\\pribe\\Desktop\\TDD\\src\\main.jsx","all":true,"statementMap":{"0":{"start":{"line":1,"column":0},"end":{"line":1,"column":40}},"1":{"start":{"line":2,"column":0},"end":{"line":2,"column":53}},"2":{"start":{"line":3,"column":0},"end":{"line":3,"column":0}},"3":{"start":{"line":4,"column":0},"end":{"line":4,"column":0}},"4":{"start":{"line":5,"column":0},"end":{"line":5,"column":60}},"5":{"start":{"line":6,"column":0},"end":{"line":6,"column":19}},"6":{"start":{"line":7,"column":0},"end":{"line":7,"column":1}}},"s":{"0":0,"1":0,"2":0,"3":0,"4":0,"5":0,"6":0},"branchMap":{"0":{"type":"branch","line":1,"loc":{"start":{"line":1,"column":0},"end":{"line":7,"column":1}},"locations":[{"start":{"line":1,"column":0},"end":{"line":7,"column":1}}]}},"b":{"0":[0]},"fnMap":{"0":{"name":"(empty-report)","decl":{"start":{"line":1,"column":0},"end":{"line":7,"column":1}},"loc":{"start":{"line":1,"column":0},"end":{"line":7,"column":1}},"line":1}},"f":{"0":0}}
,"C:\\Users\\pribe\\Desktop\\TDD\\src\\components\\Calculator.jsx": {"path":"C:\\Users\\pribe\\Desktop\\TDD\\src\\components\\Calculator.jsx","all":false,"statementMap":{"0":{"start":{"line":1,"column":0},"end":{"line":1,"column":34}},"1":{"start":{"line":2,"column":0},"end":{"line":2,"column":33}},"2":{"start":{"line":3,"column":0},"end":{"line":3,"column":47}},"3":{"start":{"line":4,"column":0},"end":{"line":4,"column":52}},"4":{"start":{"line":5,"column":0},"end":{"line":5,"column":40}},"5":{"start":{"line":6,"column":0},"end":{"line":6,"column":23}},"6":{"start":{"line":7,"column":0},"end":{"line":7,"column":26}},"7":{"start":{"line":8,"column":0},"end":{"line":8,"column":45}},"8":{"start":{"line":9,"column":0},"end":{"line":9,"column":64}},"9":{"start":{"line":10,"column":0},"end":{"line":10,"column":10}},"10":{"start":{"line":11,"column":0},"end":{"line":11,"column":13}},"11":{"start":{"line":12,"column":0},"end":{"line":12,"column":25}},"12":{"start":{"line":13,"column":0},"end":{"line":13,"column":49}},"13":{"start":{"line":14,"column":0},"end":{"line":14,"column":23}},"14":{"start":{"line":15,"column":0},"end":{"line":15,"column":35}},"15":{"start":{"line":16,"column":0},"end":{"line":16,"column":18}},"16":{"start":{"line":17,"column":0},"end":{"line":17,"column":40}},"17":{"start":{"line":18,"column":0},"end":{"line":18,"column":36}},"18":{"start":{"line":19,"column":0},"end":{"line":19,"column":103}},"19":{"start":{"line":20,"column":0},"end":{"line":20,"column":17}},"20":{"start":{"line":21,"column":0},"end":{"line":21,"column":18}},"21":{"start":{"line":22,"column":0},"end":{"line":22,"column":12}},"22":{"start":{"line":23,"column":0},"end":{"line":23,"column":11}},"23":{"start":{"line":24,"column":0},"end":{"line":24,"column":9}},"24":{"start":{"line":25,"column":0},"end":{"line":25,"column":50}},"25":{"start":{"line":26,"column":0},"end":{"line":26,"column":107}},"26":{"start":{"line":27,"column":0},"end":{"line":27,"column":14}},"27":{"start":{"line":28,"column":0},"end":{"line":28,"column":9}},"28":{"start":{"line":29,"column":0},"end":{"line":29,"column":76}},"29":{"start":{"line":30,"column":0},"end":{"line":30,"column":12}},"30":{"start":{"line":31,"column":0},"end":{"line":31,"column":14}},"31":{"start":{"line":32,"column":0},"end":{"line":32,"column":4}},"32":{"start":{"line":33,"column":0},"end":{"line":33,"column":2}},"33":{"start":{"line":34,"column":0},"end":{"line":34,"column":0}},"34":{"start":{"line":35,"column":0},"end":{"line":35,"column":7}},"35":{"start":{"line":36,"column":0},"end":{"line":36,"column":31}},"36":{"start":{"line":37,"column":0},"end":{"line":37,"column":1}}},"s":{"0":1,"1":1,"2":1,"3":1,"4":1,"5":1,"6":1,"7":22,"8":22,"9":22,"10":22,"11":22,"12":22,"13":22,"14":22,"15":88,"16":88,"17":88,"18":220,"19":88,"20":88,"21":88,"22":22,"23":22,"24":22,"25":88,"26":22,"27":22,"28":22,"29":22,"30":22,"31":22,"32":22,"33":1,"34":1,"35":1,"36":1},"branchMap":{"0":{"type":"branch","line":7,"loc":{"start":{"line":7,"column":19},"end":{"line":33,"column":2}},"locations":[{"start":{"line":7,"column":19},"end":{"line":33,"column":2}}]},"1":{"type":"branch","line":9,"loc":{"start":{"line":9,"column":30},"end":{"line":9,"column":64}},"locations":[{"start":{"line":9,"column":30},"end":{"line":9,"column":64}}]},"2":{"type":"branch","line":15,"loc":{"start":{"line":15,"column":18},"end":{"line":23,"column":9}},"locations":[{"start":{"line":15,"column":18},"end":{"line":23,"column":9}}]},"3":{"type":"branch","line":18,"loc":{"start":{"line":18,"column":23},"end":{"line":20,"column":15}},"locations":[{"start":{"line":18,"column":23},"end":{"line":20,"column":15}}]},"4":{"type":"branch","line":19,"loc":{"start":{"line":19,"column":40},"end":{"line":19,"column":76}},"locations":[{"start":{"line":19,"column":40},"end":{"line":19,"column":76}}]},"5":{"type":"branch","line":25,"loc":{"start":{"line":25,"column":27},"end":{"line":27,"column":13}},"locations":[{"start":{"line":25,"column":27},"end":{"line":27,"column":13}}]},"6":{"type":"branch","line":26,"loc":{"start":{"line":26,"column":40},"end":{"line":26,"column":79}},"locations":[{"start":{"line":26,"column":40},"end":{"line":26,"column":79}}]},"7":{"type":"branch","line":29,"loc":{"start":{"line":29,"column":25},"end":{"line":29,"column":57}},"locations":[{"start":{"line":29,"column":25},"end":{"line":29,"column":57}}]}},"b":{"0":[22],"1":[10],"2":[88],"3":[220],"4":[8],"5":[88],"6":[2],"7":[1]},"fnMap":{"0":{"name":"Calculator","decl":{"start":{"line":7,"column":19},"end":{"line":33,"column":2}},"loc":{"start":{"line":7,"column":19},"end":{"line":33,"column":2}},"line":7},"1":{"name":"createHandleClick","decl":{"start":{"line":9,"column":30},"end":{"line":9,"column":64}},"loc":{"start":{"line":9,"column":30},"end":{"line":9,"column":64}},"line":9},"2":{"name":"onClick","decl":{"start":{"line":19,"column":40},"end":{"line":19,"column":76}},"loc":{"start":{"line":19,"column":40},"end":{"line":19,"column":76}},"line":19},"3":{"name":"onClick","decl":{"start":{"line":26,"column":40},"end":{"line":26,"column":79}},"loc":{"start":{"line":26,"column":40},"end":{"line":26,"column":79}},"line":26},"4":{"name":"onClick","decl":{"start":{"line":29,"column":25},"end":{"line":29,"column":57}},"loc":{"start":{"line":29,"column":25},"end":{"line":29,"column":57}},"line":29}},"f":{"0":22,"1":10,"2":8,"3":2,"4":1}}
}
